The system is: Windows - 10.0.22000 - AMD64
Compiling the CXX compiler identification source file "CMakeCXXCompilerId.cpp" succeeded.
Compiler:  
Build flags: 
Id flags:  

The output was:
0
Microsoft (R) Build Engine version 17.1.0+ae57d105c for .NET Framework
Copyright (C) Microsoft Corporation. All rights reserved.

Build started 16.11.2022 15:29:13.
Project "C:\Users\VES\Documents\Projects\CadComposerNew\rvmsharp\fbximport\CMakeFiles\3.23.1\CompilerIdCXX\CompilerIdCXX.vcxproj" on node 1 (default targets).
PrepareForBuild:
  Creating directory "Debug\".
  Creating directory "Debug\CompilerIdCXX.tlog\".
InitializeBuildStatus:
  Creating "Debug\CompilerIdCXX.tlog\unsuccessfulbuild" because "AlwaysCreate" was specified.
VcpkgTripletSelection:
  Using triplet "x64-windows" from "C:\Users\VES\Documents\vcpkg\vcpkg\installed\x64-windows\"
  Using normalized configuration "Release"
VcpkgCheckManifestRoot:
  The vcpkg manifest was disabled, but we found a manifest file in C:\Users\VES\Documents\Projects\CadComposerNew\rvmsharp\fbximport\. You may want to enable vcpkg manifests in your properties page or pass /p:VcpkgEnableManifest=true to the msbuild invocation.
ClCompile:
  C:\Program Files\Microsoft Visual Studio\2022\Community\VC\Tools\MSVC\14.31.31103\bin\HostX64\x64\CL.exe /c /I"C:\Users\VES\Documents\vcpkg\vcpkg\installed\x64-windows\include" /nologo /W0 /WX- /diagnostics:column /Od /D _MBCS /Gm- /EHsc /RTC1 /MDd /GS /fp:precise /Zc:wchar_t /Zc:forScope /Zc:inline /Fo"Debug\\" /Fd"Debug\vc143.pdb" /external:W0 /Gd /TP /FC /errorReport:queue CMakeCXXCompilerId.cpp
  CMakeCXXCompilerId.cpp
Link:
  C:\Program Files\Microsoft Visual Studio\2022\Community\VC\Tools\MSVC\14.31.31103\bin\HostX64\x64\link.exe /ERRORREPORT:QUEUE /OUT:".\CompilerIdCXX.exe" /INCREMENTAL:NO /NOLOGO /LIBPATH:"C:\Users\VES\Documents\vcpkg\vcpkg\installed\x64-windows\lib" /LIBPATH:"C:\Users\VES\Documents\vcpkg\vcpkg\installed\x64-windows\lib\manual-link" kernel32.lib user32.lib gdi32.lib winspool.lib comdlg32.lib advapi32.lib shell32.lib ole32.lib oleaut32.lib uuid.lib odbc32.lib odbccp32.lib "C:\Users\VES\Documents\vcpkg\vcpkg\installed\x64-windows\lib\*.lib" /MANIFEST /MANIFESTUAC:"level='asInvoker' uiAccess='false'" /manifest:embed /PDB:".\CompilerIdCXX.pdb" /SUBSYSTEM:CONSOLE /TLBID:1 /DYNAMICBASE /NXCOMPAT /IMPLIB:".\CompilerIdCXX.lib" /MACHINE:X64 Debug\CMakeCXXCompilerId.obj
  CompilerIdCXX.vcxproj -> C:\Users\VES\Documents\Projects\CadComposerNew\rvmsharp\fbximport\CMakeFiles\3.23.1\CompilerIdCXX\CompilerIdCXX.exe
AppLocalFromInstalled:
  pwsh.exe -ExecutionPolicy Bypass -noprofile -File "C:\Users\VES\Documents\vcpkg\vcpkg\scripts\buildsystems\msbuild\applocal.ps1" "C:\Users\VES\Documents\Projects\CadComposerNew\rvmsharp\fbximport\CMakeFiles\3.23.1\CompilerIdCXX\CompilerIdCXX.exe" "C:\Users\VES\Documents\vcpkg\vcpkg\installed\x64-windows\bin" "Debug\CompilerIdCXX.tlog\CompilerIdCXX.write.1u.tlog" "Debug\vcpkg.applocal.log"
  'pwsh.exe' is not recognized as an internal or external command,
  operable program or batch file.
  The command "pwsh.exe -ExecutionPolicy Bypass -noprofile -File "C:\Users\VES\Documents\vcpkg\vcpkg\scripts\buildsystems\msbuild\applocal.ps1" "C:\Users\VES\Documents\Projects\CadComposerNew\rvmsharp\fbximport\CMakeFiles\3.23.1\CompilerIdCXX\CompilerIdCXX.exe" "C:\Users\VES\Documents\vcpkg\vcpkg\installed\x64-windows\bin" "Debug\CompilerIdCXX.tlog\CompilerIdCXX.write.1u.tlog" "Debug\vcpkg.applocal.log"" exited with code 9009.
  "C:\WINDOWS\System32\WindowsPowerShell\v1.0\powershell.exe" -ExecutionPolicy Bypass -noprofile -File "C:\Users\VES\Documents\vcpkg\vcpkg\scripts\buildsystems\msbuild\applocal.ps1" "C:\Users\VES\Documents\Projects\CadComposerNew\rvmsharp\fbximport\CMakeFiles\3.23.1\CompilerIdCXX\CompilerIdCXX.exe" "C:\Users\VES\Documents\vcpkg\vcpkg\installed\x64-windows\bin" "Debug\CompilerIdCXX.tlog\CompilerIdCXX.write.1u.tlog" "Debug\vcpkg.applocal.log"
PostBuildEvent:
  for %%i in (cl.exe) do @echo CMAKE_CXX_COMPILER=%%~$PATH:i
  :VCEnd
  CMAKE_CXX_COMPILER=C:\Program Files\Microsoft Visual Studio\2022\Community\VC\Tools\MSVC\14.31.31103\bin\Hostx64\x64\cl.exe
FinalizeBuildStatus:
  Deleting file "Debug\CompilerIdCXX.tlog\unsuccessfulbuild".
  Touching "Debug\CompilerIdCXX.tlog\CompilerIdCXX.lastbuildstate".
Done Building Project "C:\Users\VES\Documents\Projects\CadComposerNew\rvmsharp\fbximport\CMakeFiles\3.23.1\CompilerIdCXX\CompilerIdCXX.vcxproj" (default targets).

Build succeeded.
    0 Warning(s)
    0 Error(s)

Time Elapsed 00:00:01.06


Compilation of the CXX compiler identification source "CMakeCXXCompilerId.cpp" produced "CompilerIdCXX.exe"

Compilation of the CXX compiler identification source "CMakeCXXCompilerId.cpp" produced "CompilerIdCXX.vcxproj"

The CXX compiler identification is MSVC, found in "C:/Users/VES/Documents/Projects/CadComposerNew/rvmsharp/fbximport/CMakeFiles/3.23.1/CompilerIdCXX/CompilerIdCXX.exe"

Detecting CXX compiler ABI info compiled with the following output:
Change Dir: C:/Users/VES/Documents/Projects/CadComposerNew/rvmsharp/fbximport/CMakeFiles/CMakeTmp

Run Build Command(s):C:/Program Files/Microsoft Visual Studio/2022/Community/MSBuild/Current/Bin/amd64/MSBuild.exe cmTC_3769d.vcxproj /p:Configuration=Debug /p:Platform=x64 /p:VisualStudioVersion=17.0 /v:m && Microsoft (R) Build Engine version 17.1.0+ae57d105c for .NET Framework
Copyright (C) Microsoft Corporation. All rights reserved.

  The vcpkg manifest was disabled, but we found a manifest file in C:\Users\VES\Documents\Projects\CadComposerNew\rvmsharp\fbximport\. You may want to enable vcpkg manifests in your properties page or pass /p:VcpkgEnableManifest=true to the msbuild invocation.
  Microsoft (R) C/C++ Optimizing Compiler Version 19.31.31107 for x64
  Copyright (C) Microsoft Corporation.  All rights reserved.
  CMakeCXXCompilerABI.cpp
  cl /c /I"C:\Users\VES\Documents\vcpkg\vcpkg\installed\x64-windows\include" /Zi /W3 /WX- /diagnostics:column /Od /Ob0 /D _MBCS /D WIN32 /D _WINDOWS /D "CMAKE_INTDIR=\"Debug\"" /Gm- /EHsc /RTC1 /MDd /GS /fp:precise /Zc:wchar_t /Zc:forScope /Zc:inline /GR /Fo"cmTC_3769d.dir\Debug\\" /Fd"cmTC_3769d.dir\Debug\vc143.pdb" /external:W3 /Gd /TP /errorReport:queue "C:\Program Files\CMake\share\cmake-3.23\Modules\CMakeCXXCompilerABI.cpp"
  cmTC_3769d.vcxproj -> C:\Users\VES\Documents\Projects\CadComposerNew\rvmsharp\fbximport\CMakeFiles\CMakeTmp\Debug\cmTC_3769d.exe



